  main.cpp
  hijacker.cpp
c:\users\joshs\source\repos\threadinterceptor\threadinterceptor\hijacker.cpp(27): warning C4312: 'type cast': conversion from 'DWORD' to 'PCHAR' of greater size
c:\users\joshs\source\repos\threadinterceptor\threadinterceptor\hijacker.cpp(126): error C2227: left of '->m_lpShellcode' must point to class/struct/union/generic type
  c:\users\joshs\source\repos\threadinterceptor\threadinterceptor\hijacker.cpp(126): note: type is 'PSHELLCODE_INFO *'
c:\users\joshs\source\repos\threadinterceptor\threadinterceptor\hijacker.cpp(127): error C2227: left of '->dwSize' must point to class/struct/union/generic type
  c:\users\joshs\source\repos\threadinterceptor\threadinterceptor\hijacker.cpp(127): note: type is 'PSHELLCODE_INFO *'
c:\users\joshs\source\repos\threadinterceptor\threadinterceptor\hijacker.cpp(135): error C2227: left of '->m_lpCreateThreadAddr' must point to class/struct/union/generic type
  c:\users\joshs\source\repos\threadinterceptor\threadinterceptor\hijacker.cpp(135): note: type is 'PSHELLCODE_INFO *'
c:\users\joshs\source\repos\threadinterceptor\threadinterceptor\hijacker.cpp(136): error C2227: left of '->m_lpCreateThreadAddr' must point to class/struct/union/generic type
  c:\users\joshs\source\repos\threadinterceptor\threadinterceptor\hijacker.cpp(136): note: type is 'PSHELLCODE_INFO *'
c:\users\joshs\source\repos\threadinterceptor\threadinterceptor\hijacker.cpp(143): error C2228: left of '.m_lpShellcode' must have class/struct/union
  c:\users\joshs\source\repos\threadinterceptor\threadinterceptor\hijacker.cpp(143): note: type is 'PSHELLCODE_INFO *'
c:\users\joshs\source\repos\threadinterceptor\threadinterceptor\hijacker.cpp(144): error C2228: left of '.dwSize' must have class/struct/union
  c:\users\joshs\source\repos\threadinterceptor\threadinterceptor\hijacker.cpp(144): note: type is 'PSHELLCODE_INFO *'
c:\users\joshs\source\repos\threadinterceptor\threadinterceptor\hijacker.cpp(145): error C2039: 'Eip': is not a member of '_CONTEXT'
  c:\program files (x86)\windows kits\10\include\10.0.16299.0\um\winnt.h(3820): note: see declaration of '_CONTEXT'
c:\users\joshs\source\repos\threadinterceptor\threadinterceptor\hijacker.cpp(147): error C2039: 'Esp': is not a member of '_CONTEXT'
  c:\program files (x86)\windows kits\10\include\10.0.16299.0\um\winnt.h(3820): note: see declaration of '_CONTEXT'
c:\users\joshs\source\repos\threadinterceptor\threadinterceptor\hijacker.cpp(147): error C2039: 'Eip': is not a member of '_CONTEXT'
  c:\program files (x86)\windows kits\10\include\10.0.16299.0\um\winnt.h(3820): note: see declaration of '_CONTEXT'
c:\users\joshs\source\repos\threadinterceptor\threadinterceptor\hijacker.cpp(147): error C2660: 'WriteProcessMemory': function does not take 3 arguments
c:\users\joshs\source\repos\threadinterceptor\threadinterceptor\hijacker.cpp(152): error C2228: left of '.m_lpCreateThreadAddr' must have class/struct/union
  c:\users\joshs\source\repos\threadinterceptor\threadinterceptor\hijacker.cpp(152): note: type is 'PSHELLCODE_INFO *'
c:\users\joshs\source\repos\threadinterceptor\threadinterceptor\hijacker.cpp(153): error C2228: left of '.m_lpCreateThreadAddr' must have class/struct/union
  c:\users\joshs\source\repos\threadinterceptor\threadinterceptor\hijacker.cpp(153): note: type is 'PSHELLCODE_INFO *'
c:\users\joshs\source\repos\threadinterceptor\threadinterceptor\hijacker.cpp(157): error C2228: left of '.m_lpShellcode' must have class/struct/union
  c:\users\joshs\source\repos\threadinterceptor\threadinterceptor\hijacker.cpp(157): note: type is 'PSHELLCODE_INFO *'
c:\users\joshs\source\repos\threadinterceptor\threadinterceptor\hijacker.cpp(157): error C2228: left of '.dwSize' must have class/struct/union
  c:\users\joshs\source\repos\threadinterceptor\threadinterceptor\hijacker.cpp(157): note: type is 'PSHELLCODE_INFO *'
c:\users\joshs\source\repos\threadinterceptor\threadinterceptor\hijacker.cpp(157): error C2660: 'WriteProcessMemory': function does not take 3 arguments
c:\users\joshs\source\repos\threadinterceptor\threadinterceptor\hijacker.cpp(164): error C2228: left of '.m_lpCreateThreadAddr' must have class/struct/union
  c:\users\joshs\source\repos\threadinterceptor\threadinterceptor\hijacker.cpp(164): note: type is 'PSHELLCODE_INFO *'
c:\users\joshs\source\repos\threadinterceptor\threadinterceptor\hijacker.cpp(164): error C2660: 'WriteProcessMemory': function does not take 4 arguments
  Generating Code...
  Compiling...
  threader.cpp
  Generating Code...
